Using pre-set license
Built from '2020.2/staging' branch; Version is '2020.2.3f1 (8ff31bc5bf5b) revision 9433883'; Using compiler version '192528614'; Build Type 'Release'
OS: 'Windows 10 Home; OS build 19041.928; Version 2004; 64bit' Language: 'en' Physical Memory: 16276 MB
BatchMode: 1, IsHumanControllingUs: 0, StartBugReporterOnCrash: 0, Is64bit: 1, IsPro: 0

 COMMAND LINE ARGUMENTS:
C:\Program Files\Unity\Hub\Editor\2020.2.3f1\Editor\Unity.exe
-adb2
-batchMode
-noUpm
-name
AssetImportWorker0
-projectPath
C:/Users/poiso/Desktop/CIS_497_Semester2/CIS_497_Semester2/Assignment_3
-logFile
Logs/AssetImportWorker0.log
-srvPort
53025
Successfully changed project path to: C:/Users/poiso/Desktop/CIS_497_Semester2/CIS_497_Semester2/Assignment_3
C:/Users/poiso/Desktop/CIS_497_Semester2/CIS_497_Semester2/Assignment_3
Using Asset Import Pipeline V2.
Refreshing native plugins compatible for Editor in 48.91 ms, found 1 plugins.
Preloading 0 native plugins for Editor in 0.00 ms.
Initialize engine version: 2020.2.3f1 (8ff31bc5bf5b)
[Subsystems] Discovering subsystems at path C:/Program Files/Unity/Hub/Editor/2020.2.3f1/Editor/Data/Resources/UnitySubsystems
[Subsystems] Discovering subsystems at path C:/Users/poiso/Desktop/CIS_497_Semester2/CIS_497_Semester2/Assignment_3/Assets
GfxDevice: creating device client; threaded=0
Direct3D:
    Version:  Direct3D 11.0 [level 11.1]
    Renderer: NVIDIA GeForce GTX 1060 with Max-Q Design (ID=0x1c20)
    Vendor:   
    VRAM:     2987 MB
    Driver:   27.21.14.6627
Initialize mono
Mono path[0] = 'C:/Program Files/Unity/Hub/Editor/2020.2.3f1/Editor/Data/Managed'
Mono path[1] = 'C:/Program Files/Unity/Hub/Editor/2020.2.3f1/Editor/Data/MonoBleedingEdge/lib/mono/unityjit'
Mono config path = 'C:/Program Files/Unity/Hub/Editor/2020.2.3f1/Editor/Data/MonoBleedingEdge/etc'
Using monoOptions --debugger-agent=transport=dt_socket,embedding=1,server=y,suspend=n,address=127.0.0.1:56748
Begin MonoManager ReloadAssembly
Registering precompiled unity dll's ...
Register platform support module: C:/Program Files/Unity/Hub/Editor/2020.2.3f1/Editor/Data/PlaybackEngines/WebGLSupport/UnityEditor.WebGL.Extensions.dll
Register platform support module: C:/Program Files/Unity/Hub/Editor/2020.2.3f1/Editor/Data/PlaybackEngines/WindowsStandaloneSupport/UnityEditor.WindowsStandalone.Extensions.dll
Registered in 0.003817 seconds.
Native extension for WindowsStandalone target not found
Native extension for WebGL target not found
Refreshing native plugins compatible for Editor in 54.54 ms, found 1 plugins.
Preloading 0 native plugins for Editor in 0.00 ms.
Invoked RoslynAnalysisRunner static constructor.
RoslynAnalysisRunner will not be running.
RoslynAnalysisRunner has terminated.
Mono: successfully reloaded assembly
- Completed reload, in  2.052 seconds
Platform modules already initialized, skipping
Registering precompiled user dll's ...
Registered in 0.003207 seconds.
Begin MonoManager ReloadAssembly
Native extension for WindowsStandalone target not found
Native extension for WebGL target not found
Refreshing native plugins compatible for Editor in 49.80 ms, found 1 plugins.
Preloading 0 native plugins for Editor in 0.00 ms.
Invoked RoslynAnalysisRunner static constructor.
RoslynAnalysisRunner will not be running.
RoslynAnalysisRunner has terminated.
Mono: successfully reloaded assembly
- Completed reload, in  1.403 seconds
Platform modules already initialized, skipping
========================================================================
Worker process is ready to serve import requests
Launched and connected shader compiler UnityShaderCompiler.exe after 0.09 seconds
Refreshing native plugins compatible for Editor in 0.61 ms, found 1 plugins.
Preloading 0 native plugins for Editor in 0.00 ms.
Unloading 1800 Unused Serialized files (Serialized files now loaded: 0)
System memory in use before: 84.4 MB.
System memory in use after: 84.4 MB.

Unloading 24 unused Assets to reduce memory usage. Loaded Objects now: 2242.
Total: 3.177700 ms (FindLiveObjects: 0.436700 ms CreateObjectMapping: 0.146800 ms MarkObjects: 2.360200 ms  DeleteObjects: 0.232000 ms)

========================================================================
Received Import Request.
  path: Assets/Scripts/Weapon.cs
  artifactKey: Guid(0ad004c7625fa60489b9cde0de7ae4cb) Importer(815301076,1909f56bfc062723c751e8b465ee728b)
Start importing Assets/Scripts/Weapon.cs using Guid(0ad004c7625fa60489b9cde0de7ae4cb) Importer(815301076,1909f56bfc062723c751e8b465ee728b)  -> (artifact id: '4fcd7a044165735d6afba58fd10b2cb5') in 0.052153 seconds
  Import took 0.055757 seconds .

========================================================================
Received Import Request.
  Time since last request: 0.000482 seconds.
  path: Assets/Scripts/Wand.cs
  artifactKey: Guid(b92e9c48b89f70a44809bac08fa5f636) Importer(815301076,1909f56bfc062723c751e8b465ee728b)
Start importing Assets/Scripts/Wand.cs using Guid(b92e9c48b89f70a44809bac08fa5f636) Importer(815301076,1909f56bfc062723c751e8b465ee728b)  -> (artifact id: 'ee0417ade712cee9a5819bd1b4818c19') in 0.017954 seconds
  Import took 0.021586 seconds .

========================================================================
Received Import Request.
  Time since last request: 0.000475 seconds.
  path: Assets/Scripts/WeaponFactoryTest.cs
  artifactKey: Guid(b6509fb963ad8844f954fc9138181d99) Importer(815301076,1909f56bfc062723c751e8b465ee728b)
Start importing Assets/Scripts/WeaponFactoryTest.cs using Guid(b6509fb963ad8844f954fc9138181d99) Importer(815301076,1909f56bfc062723c751e8b465ee728b)  -> (artifact id: 'a566570be2f74593dc7277791648f28b') in 0.021756 seconds
  Import took 0.029346 seconds .

========================================================================
Received Import Request.
  Time since last request: 0.000389 seconds.
  path: Assets/Scripts/Sword.cs
  artifactKey: Guid(7843510c15e53a846afb6d5b5b696e59) Importer(815301076,1909f56bfc062723c751e8b465ee728b)
Start importing Assets/Scripts/Sword.cs using Guid(7843510c15e53a846afb6d5b5b696e59) Importer(815301076,1909f56bfc062723c751e8b465ee728b)  -> (artifact id: '57701edf9340b48e916a55aeb88c62ec') in 0.018364 seconds
  Import took 0.024869 seconds .

========================================================================
Received Import Request.
  Time since last request: 0.000431 seconds.
  path: Assets/Scripts/KeyBlade.cs
  artifactKey: Guid(accaab26a7e3e0143ab896152236c285) Importer(815301076,1909f56bfc062723c751e8b465ee728b)
Start importing Assets/Scripts/KeyBlade.cs using Guid(accaab26a7e3e0143ab896152236c285) Importer(815301076,1909f56bfc062723c751e8b465ee728b)  -> (artifact id: '5e3870f1cacb3cea6177b4e112976566') in 0.013196 seconds
  Import took 0.017900 seconds .

AssetImportWorkerClient::OnTransportError - code=2 error=End of file
