Using pre-set license
Built from '2020.2/staging' branch; Version is '2020.2.3f1 (8ff31bc5bf5b) revision 9433883'; Using compiler version '192528614'; Build Type 'Release'
OS: 'Windows 10 Home; OS build 19041.928; Version 2004; 64bit' Language: 'en' Physical Memory: 16276 MB
BatchMode: 1, IsHumanControllingUs: 0, StartBugReporterOnCrash: 0, Is64bit: 1, IsPro: 0

 COMMAND LINE ARGUMENTS:
C:\Program Files\Unity\Hub\Editor\2020.2.3f1\Editor\Unity.exe
-adb2
-batchMode
-noUpm
-name
AssetImportWorker0
-projectPath
C:/Users/poiso/Desktop/CIS_497_Semester2/CIS_497_Semester2/Assignment_3
-logFile
Logs/AssetImportWorker0.log
-srvPort
62828
Successfully changed project path to: C:/Users/poiso/Desktop/CIS_497_Semester2/CIS_497_Semester2/Assignment_3
C:/Users/poiso/Desktop/CIS_497_Semester2/CIS_497_Semester2/Assignment_3
Using Asset Import Pipeline V2.
Refreshing native plugins compatible for Editor in 44.87 ms, found 1 plugins.
Preloading 0 native plugins for Editor in 0.00 ms.
Initialize engine version: 2020.2.3f1 (8ff31bc5bf5b)
[Subsystems] Discovering subsystems at path C:/Program Files/Unity/Hub/Editor/2020.2.3f1/Editor/Data/Resources/UnitySubsystems
[Subsystems] Discovering subsystems at path C:/Users/poiso/Desktop/CIS_497_Semester2/CIS_497_Semester2/Assignment_3/Assets
GfxDevice: creating device client; threaded=0
Direct3D:
    Version:  Direct3D 11.0 [level 11.1]
    Renderer: NVIDIA GeForce GTX 1060 with Max-Q Design (ID=0x1c20)
    Vendor:   
    VRAM:     2987 MB
    Driver:   27.21.14.6611
Initialize mono
Mono path[0] = 'C:/Program Files/Unity/Hub/Editor/2020.2.3f1/Editor/Data/Managed'
Mono path[1] = 'C:/Program Files/Unity/Hub/Editor/2020.2.3f1/Editor/Data/MonoBleedingEdge/lib/mono/unityjit'
Mono config path = 'C:/Program Files/Unity/Hub/Editor/2020.2.3f1/Editor/Data/MonoBleedingEdge/etc'
Using monoOptions --debugger-agent=transport=dt_socket,embedding=1,server=y,suspend=n,address=127.0.0.1:56452
Begin MonoManager ReloadAssembly
Registering precompiled unity dll's ...
Register platform support module: C:/Program Files/Unity/Hub/Editor/2020.2.3f1/Editor/Data/PlaybackEngines/WebGLSupport/UnityEditor.WebGL.Extensions.dll
Register platform support module: C:/Program Files/Unity/Hub/Editor/2020.2.3f1/Editor/Data/PlaybackEngines/WindowsStandaloneSupport/UnityEditor.WindowsStandalone.Extensions.dll
Registered in 0.003512 seconds.
Native extension for WindowsStandalone target not found
Native extension for WebGL target not found
Refreshing native plugins compatible for Editor in 45.70 ms, found 1 plugins.
Preloading 0 native plugins for Editor in 0.00 ms.
Invoked RoslynAnalysisRunner static constructor.
RoslynAnalysisRunner will not be running.
RoslynAnalysisRunner has terminated.
Mono: successfully reloaded assembly
- Completed reload, in  1.612 seconds
Platform modules already initialized, skipping
Registering precompiled user dll's ...
Registered in 0.001324 seconds.
Begin MonoManager ReloadAssembly
Native extension for WindowsStandalone target not found
Native extension for WebGL target not found
Refreshing native plugins compatible for Editor in 51.91 ms, found 1 plugins.
Preloading 0 native plugins for Editor in 0.00 ms.
Invoked RoslynAnalysisRunner static constructor.
RoslynAnalysisRunner will not be running.
RoslynAnalysisRunner has terminated.
Mono: successfully reloaded assembly
- Completed reload, in  1.192 seconds
Platform modules already initialized, skipping
========================================================================
Worker process is ready to serve import requests
Launched and connected shader compiler UnityShaderCompiler.exe after 0.07 seconds
Refreshing native plugins compatible for Editor in 0.60 ms, found 1 plugins.
Preloading 0 native plugins for Editor in 0.00 ms.
Unloading 1793 Unused Serialized files (Serialized files now loaded: 0)
System memory in use before: 84.2 MB.
System memory in use after: 84.2 MB.

Unloading 24 unused Assets to reduce memory usage. Loaded Objects now: 2234.
Total: 4.811100 ms (FindLiveObjects: 0.392600 ms CreateObjectMapping: 0.165400 ms MarkObjects: 3.984200 ms  DeleteObjects: 0.266500 ms)

========================================================================
Received Import Request.
  path: Assets/NewBehaviourScript.cs
  artifactKey: Guid(8cd217a6b32fd754eba5f34f9fcb3a84) Importer(815301076,1909f56bfc062723c751e8b465ee728b)
Start importing Assets/NewBehaviourScript.cs using Guid(8cd217a6b32fd754eba5f34f9fcb3a84) Importer(815301076,1909f56bfc062723c751e8b465ee728b)  -> (artifact id: 'f9abdb77f71b3dfc8909958192835269') in 0.053502 seconds
  Import took 0.057906 seconds .

========================================================================
Received Prepare
Registering precompiled user dll's ...
Registered in 0.001349 seconds.
Begin MonoManager ReloadAssembly
Native extension for WindowsStandalone target not found
Native extension for WebGL target not found
Refreshing native plugins compatible for Editor in 0.37 ms, found 1 plugins.
Preloading 0 native plugins for Editor in 0.00 ms.
Invoked RoslynAnalysisRunner static constructor.
RoslynAnalysisRunner will not be running.
RoslynAnalysisRunner has terminated.
Mono: successfully reloaded assembly
- Completed reload, in  1.066 seconds
Platform modules already initialized, skipping
Refreshing native plugins compatible for Editor in 0.33 ms, found 1 plugins.
Preloading 0 native plugins for Editor in 0.00 ms.
Unloading 1788 Unused Serialized files (Serialized files now loaded: 0)
System memory in use before: 84.2 MB.
System memory in use after: 84.2 MB.

Unloading 12 unused Assets to reduce memory usage. Loaded Objects now: 2237.
Total: 2.549400 ms (FindLiveObjects: 0.377500 ms CreateObjectMapping: 0.095100 ms MarkObjects: 1.897600 ms  DeleteObjects: 0.177900 ms)

========================================================================
Received Prepare
Registering precompiled user dll's ...
Registered in 0.001472 seconds.
Begin MonoManager ReloadAssembly
Native extension for WindowsStandalone target not found
Native extension for WebGL target not found
Refreshing native plugins compatible for Editor in 0.46 ms, found 1 plugins.
Preloading 0 native plugins for Editor in 0.00 ms.
Invoked RoslynAnalysisRunner static constructor.
RoslynAnalysisRunner will not be running.
RoslynAnalysisRunner has terminated.
Mono: successfully reloaded assembly
- Completed reload, in  1.108 seconds
Platform modules already initialized, skipping
Refreshing native plugins compatible for Editor in 0.41 ms, found 1 plugins.
Preloading 0 native plugins for Editor in 0.00 ms.
Unloading 1787 Unused Serialized files (Serialized files now loaded: 0)
System memory in use before: 84.2 MB.
System memory in use after: 84.2 MB.

Unloading 13 unused Assets to reduce memory usage. Loaded Objects now: 2239.
Total: 2.329800 ms (FindLiveObjects: 0.246700 ms CreateObjectMapping: 0.055500 ms MarkObjects: 1.861500 ms  DeleteObjects: 0.165000 ms)

========================================================================
Received Import Request.
  Time since last request: 10.005188 seconds.
  path: Assets
  artifactKey: Guid(00000000000000001000000000000000) Importer(815301076,1909f56bfc062723c751e8b465ee728b)
Start importing Assets using Guid(00000000000000001000000000000000) Importer(815301076,1909f56bfc062723c751e8b465ee728b)  -> (artifact id: '653ce283d384579a24208b2e4d727c2a') in 0.012026 seconds
  Import took 0.016863 seconds .

========================================================================
Received Import Request.
  Time since last request: 5.151619 seconds.
  path: Assets/Scripts
  artifactKey: Guid(b520d2794dc078f47a70202b6d953d3e) Importer(815301076,1909f56bfc062723c751e8b465ee728b)
Start importing Assets/Scripts using Guid(b520d2794dc078f47a70202b6d953d3e) Importer(815301076,1909f56bfc062723c751e8b465ee728b)  -> (artifact id: '9879200967fe2a42837b5a7ae5bfc25f') in 0.007786 seconds
  Import took 0.013383 seconds .

========================================================================
Received Import Request.
  Time since last request: 47.352948 seconds.
  path: Assets/Scripts/SimpleEnemyFactory.cs
  artifactKey: Guid(b70b0267b6a775d4b8e2a200f89cc638) Importer(815301076,1909f56bfc062723c751e8b465ee728b)
Start importing Assets/Scripts/SimpleEnemyFactory.cs using Guid(b70b0267b6a775d4b8e2a200f89cc638) Importer(815301076,1909f56bfc062723c751e8b465ee728b)  -> (artifact id: 'b3fa55dc7d6bca2e1e048fa5bb8b0ac4') in 0.008794 seconds
  Import took 0.015236 seconds .

========================================================================
Received Import Request.
  Time since last request: 0.001326 seconds.
  path: Assets/Scripts/SimpleEnemyFactory.cs
  artifactKey: Guid(b70b0267b6a775d4b8e2a200f89cc638) Importer(815301076,1909f56bfc062723c751e8b465ee728b)
Start importing Assets/Scripts/SimpleEnemyFactory.cs using Guid(b70b0267b6a775d4b8e2a200f89cc638) Importer(815301076,1909f56bfc062723c751e8b465ee728b)  -> (artifact id: 'b3fa55dc7d6bca2e1e048fa5bb8b0ac4') in 0.004355 seconds
  Import took 0.008208 seconds .

========================================================================
Received Prepare
Registering precompiled user dll's ...
Registered in 0.001693 seconds.
Begin MonoManager ReloadAssembly
Native extension for WindowsStandalone target not found
Native extension for WebGL target not found
Refreshing native plugins compatible for Editor in 0.36 ms, found 1 plugins.
Preloading 0 native plugins for Editor in 0.00 ms.
Invoked RoslynAnalysisRunner static constructor.
RoslynAnalysisRunner will not be running.
RoslynAnalysisRunner has terminated.
Mono: successfully reloaded assembly
- Completed reload, in  1.169 seconds
Platform modules already initialized, skipping
Refreshing native plugins compatible for Editor in 0.82 ms, found 1 plugins.
Preloading 0 native plugins for Editor in 0.00 ms.
Unloading 1788 Unused Serialized files (Serialized files now loaded: 0)
System memory in use before: 84.2 MB.
System memory in use after: 84.2 MB.

Unloading 12 unused Assets to reduce memory usage. Loaded Objects now: 2243.
Total: 2.231100 ms (FindLiveObjects: 0.309500 ms CreateObjectMapping: 0.121000 ms MarkObjects: 1.675100 ms  DeleteObjects: 0.124200 ms)

========================================================================
Received Import Request.
  Time since last request: 21.096200 seconds.
  path: Assets/Scripts/EnemyFactory.cs
  artifactKey: Guid(b70b0267b6a775d4b8e2a200f89cc638) Importer(815301076,1909f56bfc062723c751e8b465ee728b)
Start importing Assets/Scripts/EnemyFactory.cs using Guid(b70b0267b6a775d4b8e2a200f89cc638) Importer(815301076,1909f56bfc062723c751e8b465ee728b)  -> (artifact id: 'dc367011b9c17bc7c3ec0c59aa23cd0d') in 0.013825 seconds
  Import took 0.019466 seconds .

========================================================================
Received Prepare
Registering precompiled user dll's ...
Registered in 0.002128 seconds.
Begin MonoManager ReloadAssembly
Native extension for WindowsStandalone target not found
Native extension for WebGL target not found
Refreshing native plugins compatible for Editor in 0.36 ms, found 1 plugins.
Preloading 0 native plugins for Editor in 0.00 ms.
Invoked RoslynAnalysisRunner static constructor.
RoslynAnalysisRunner will not be running.
RoslynAnalysisRunner has terminated.
Mono: successfully reloaded assembly
- Completed reload, in  1.367 seconds
Platform modules already initialized, skipping
Refreshing native plugins compatible for Editor in 0.61 ms, found 1 plugins.
Preloading 0 native plugins for Editor in 0.00 ms.
Unloading 1788 Unused Serialized files (Serialized files now loaded: 0)
System memory in use before: 84.3 MB.
System memory in use after: 84.2 MB.

Unloading 12 unused Assets to reduce memory usage. Loaded Objects now: 2246.
Total: 2.316200 ms (FindLiveObjects: 0.255200 ms CreateObjectMapping: 0.159400 ms MarkObjects: 1.777000 ms  DeleteObjects: 0.123200 ms)

========================================================================
Received Import Request.
  Time since last request: 21.573703 seconds.
  path: Assets/Scripts/WeaponFactory.cs
  artifactKey: Guid(b70b0267b6a775d4b8e2a200f89cc638) Importer(815301076,1909f56bfc062723c751e8b465ee728b)
Start importing Assets/Scripts/WeaponFactory.cs using Guid(b70b0267b6a775d4b8e2a200f89cc638) Importer(815301076,1909f56bfc062723c751e8b465ee728b)  -> (artifact id: '1c59808d7f9d864cfce5f1c6654011b4') in 0.017561 seconds
  Import took 0.026399 seconds .

========================================================================
Received Prepare
Registering precompiled user dll's ...
Registered in 0.001921 seconds.
Begin MonoManager ReloadAssembly
Native extension for WindowsStandalone target not found
Native extension for WebGL target not found
Refreshing native plugins compatible for Editor in 0.35 ms, found 1 plugins.
Preloading 0 native plugins for Editor in 0.00 ms.
Invoked RoslynAnalysisRunner static constructor.
RoslynAnalysisRunner will not be running.
RoslynAnalysisRunner has terminated.
Mono: successfully reloaded assembly
- Completed reload, in  1.349 seconds
Platform modules already initialized, skipping
Refreshing native plugins compatible for Editor in 0.34 ms, found 1 plugins.
Preloading 0 native plugins for Editor in 0.00 ms.
Unloading 1788 Unused Serialized files (Serialized files now loaded: 0)
System memory in use before: 84.3 MB.
System memory in use after: 84.3 MB.

Unloading 12 unused Assets to reduce memory usage. Loaded Objects now: 2249.
Total: 2.926400 ms (FindLiveObjects: 0.193800 ms CreateObjectMapping: 0.063300 ms MarkObjects: 2.530000 ms  DeleteObjects: 0.137400 ms)

========================================================================
Received Import Request.
  Time since last request: 249.944397 seconds.
  path: Assets/Scripts/Weapon.cs
  artifactKey: Guid(0ad004c7625fa60489b9cde0de7ae4cb) Importer(815301076,1909f56bfc062723c751e8b465ee728b)
Start importing Assets/Scripts/Weapon.cs using Guid(0ad004c7625fa60489b9cde0de7ae4cb) Importer(815301076,1909f56bfc062723c751e8b465ee728b)  -> (artifact id: '57b970526faf94f0e64ce7c131d4457f') in 0.022807 seconds
  Import took 0.030301 seconds .

========================================================================
Received Prepare
Registering precompiled user dll's ...
Registered in 0.001420 seconds.
Begin MonoManager ReloadAssembly
Native extension for WindowsStandalone target not found
Native extension for WebGL target not found
Refreshing native plugins compatible for Editor in 0.62 ms, found 1 plugins.
Preloading 0 native plugins for Editor in 0.00 ms.
Invoked RoslynAnalysisRunner static constructor.
RoslynAnalysisRunner will not be running.
RoslynAnalysisRunner has terminated.
Mono: successfully reloaded assembly
- Completed reload, in  1.544 seconds
Platform modules already initialized, skipping
Refreshing native plugins compatible for Editor in 0.34 ms, found 1 plugins.
Preloading 0 native plugins for Editor in 0.00 ms.
Unloading 1789 Unused Serialized files (Serialized files now loaded: 0)
System memory in use before: 84.3 MB.
System memory in use after: 84.3 MB.

Unloading 12 unused Assets to reduce memory usage. Loaded Objects now: 2253.
Total: 2.584800 ms (FindLiveObjects: 0.465200 ms CreateObjectMapping: 0.145300 ms MarkObjects: 1.840100 ms  DeleteObjects: 0.132800 ms)

========================================================================
Received Import Request.
  Time since last request: 1957.803704 seconds.
  path: Assets/Scripts/WeaponFactory.cs
  artifactKey: Guid(b70b0267b6a775d4b8e2a200f89cc638) Importer(815301076,1909f56bfc062723c751e8b465ee728b)
Start importing Assets/Scripts/WeaponFactory.cs using Guid(b70b0267b6a775d4b8e2a200f89cc638) Importer(815301076,1909f56bfc062723c751e8b465ee728b)  -> (artifact id: '74df3a3f5f66a26f341d48294d8dbdbb') in 0.016228 seconds
  Import took 0.022841 seconds .

========================================================================
Received Import Request.
  Time since last request: 572.477567 seconds.
  path: Assets/Scripts/Weapon.cs
  artifactKey: Guid(0ad004c7625fa60489b9cde0de7ae4cb) Importer(815301076,1909f56bfc062723c751e8b465ee728b)
Start importing Assets/Scripts/Weapon.cs using Guid(0ad004c7625fa60489b9cde0de7ae4cb) Importer(815301076,1909f56bfc062723c751e8b465ee728b)  -> (artifact id: '29c50b48d50840d99658a09cbc7d3727') in 0.004849 seconds
  Import took 0.010926 seconds .

========================================================================
Received Import Request.
  Time since last request: 64.958141 seconds.
  path: Assets/Scripts/Bow.cs
  artifactKey: Guid(e3197fdcb171782499c434009fb2e17e) Importer(815301076,1909f56bfc062723c751e8b465ee728b)
Start importing Assets/Scripts/Bow.cs using Guid(e3197fdcb171782499c434009fb2e17e) Importer(815301076,1909f56bfc062723c751e8b465ee728b)  -> (artifact id: 'd39de14f7c40abe3ff843b11aaca7c90') in 0.009249 seconds
  Import took 0.012410 seconds .

========================================================================
Received Import Request.
  Time since last request: 601.629664 seconds.
  path: Assets/Scripts/KeyBlade.cs
  artifactKey: Guid(accaab26a7e3e0143ab896152236c285) Importer(815301076,1909f56bfc062723c751e8b465ee728b)
Start importing Assets/Scripts/KeyBlade.cs using Guid(accaab26a7e3e0143ab896152236c285) Importer(815301076,1909f56bfc062723c751e8b465ee728b)  -> (artifact id: '297d8bdd4509773f206d70e46cacfdef') in 0.012686 seconds
  Import took 0.017662 seconds .

========================================================================
Received Import Request.
  Time since last request: 159.012830 seconds.
  path: Assets/Scripts/KeyBlade.cs
  artifactKey: Guid(accaab26a7e3e0143ab896152236c285) Importer(815301076,1909f56bfc062723c751e8b465ee728b)
Start importing Assets/Scripts/KeyBlade.cs using Guid(accaab26a7e3e0143ab896152236c285) Importer(815301076,1909f56bfc062723c751e8b465ee728b)  -> (artifact id: '3937df96bfc38a467bb3b061fd042650') in 0.010711 seconds
  Import took 0.020642 seconds .

========================================================================
Received Import Request.
  Time since last request: 0.000984 seconds.
  path: Assets/Scripts/KeyBlade.cs
  artifactKey: Guid(accaab26a7e3e0143ab896152236c285) Importer(815301076,1909f56bfc062723c751e8b465ee728b)
Start importing Assets/Scripts/KeyBlade.cs using Guid(accaab26a7e3e0143ab896152236c285) Importer(815301076,1909f56bfc062723c751e8b465ee728b)  -> (artifact id: '3937df96bfc38a467bb3b061fd042650') in 0.004819 seconds
  Import took 0.010667 seconds .

========================================================================
Received Import Request.
  Time since last request: 7.966819 seconds.
  path: Assets/Scripts/Sword.cs
  artifactKey: Guid(7843510c15e53a846afb6d5b5b696e59) Importer(815301076,1909f56bfc062723c751e8b465ee728b)
Start importing Assets/Scripts/Sword.cs using Guid(7843510c15e53a846afb6d5b5b696e59) Importer(815301076,1909f56bfc062723c751e8b465ee728b)  -> (artifact id: 'f4b443030e90ea6dd6d5b25a92c0a133') in 0.010726 seconds
  Import took 0.014781 seconds .

========================================================================
Received Import Request.
  Time since last request: 10.988202 seconds.
  path: Assets/Scripts/Wand.cs
  artifactKey: Guid(b92e9c48b89f70a44809bac08fa5f636) Importer(815301076,1909f56bfc062723c751e8b465ee728b)
Start importing Assets/Scripts/Wand.cs using Guid(b92e9c48b89f70a44809bac08fa5f636) Importer(815301076,1909f56bfc062723c751e8b465ee728b)  -> (artifact id: '462cfd76aa3312afbda13ef49b5bfad1') in 0.011362 seconds
  Import took 0.017595 seconds .

========================================================================
Received Import Request.
  Time since last request: 1866.164538 seconds.
  path: Assets/Scripts/WeaponSpawner.cs
  artifactKey: Guid(f5e1b807b5a2fb84e928d9a123cadcb1) Importer(815301076,1909f56bfc062723c751e8b465ee728b)
Start importing Assets/Scripts/WeaponSpawner.cs using Guid(f5e1b807b5a2fb84e928d9a123cadcb1) Importer(815301076,1909f56bfc062723c751e8b465ee728b)  -> (artifact id: '9e921802680152cd4670f1d494af046f') in 0.009609 seconds
  Import took 0.014520 seconds .

========================================================================
Received Import Request.
  Time since last request: 1571.049384 seconds.
  path: ProjectSettings/TagManager.asset
  artifactKey: Guid(00000000000000003000000000000000) Importer(815301076,1909f56bfc062723c751e8b465ee728b)
Start importing ProjectSettings/TagManager.asset using Guid(00000000000000003000000000000000) Importer(815301076,1909f56bfc062723c751e8b465ee728b)  -> (artifact id: '5d8748435867583b0bac0f9e1bec96ad') in 0.039676 seconds
  Import took 0.044615 seconds .

========================================================================
Received Import Request.
  Time since last request: 414.760233 seconds.
  path: Assets/Scripts/WeaponFactoryTest.cs
  artifactKey: Guid(b6509fb963ad8844f954fc9138181d99) Importer(815301076,1909f56bfc062723c751e8b465ee728b)
Start importing Assets/Scripts/WeaponFactoryTest.cs using Guid(b6509fb963ad8844f954fc9138181d99) Importer(815301076,1909f56bfc062723c751e8b465ee728b)  -> (artifact id: '266f6233e6be71ea2d1c7758485e80d8') in 0.015212 seconds
  Import took 0.019241 seconds .

========================================================================
Received Import Request.
  Time since last request: 1043.804883 seconds.
  path: Assets/Scripts/WeaponSpawner.cs
  artifactKey: Guid(f5e1b807b5a2fb84e928d9a123cadcb1) Importer(815301076,1909f56bfc062723c751e8b465ee728b)
Start importing Assets/Scripts/WeaponSpawner.cs using Guid(f5e1b807b5a2fb84e928d9a123cadcb1) Importer(815301076,1909f56bfc062723c751e8b465ee728b)  -> (artifact id: '00e9f0643a2657c0d2ba20013e093b59') in 0.004731 seconds
  Import took 0.011624 seconds .

========================================================================
Received Prepare
Registering precompiled user dll's ...
Registered in 0.003552 seconds.
Begin MonoManager ReloadAssembly
Native extension for WindowsStandalone target not found
Native extension for WebGL target not found
Refreshing native plugins compatible for Editor in 0.38 ms, found 1 plugins.
Preloading 0 native plugins for Editor in 0.00 ms.
Invoked RoslynAnalysisRunner static constructor.
RoslynAnalysisRunner will not be running.
RoslynAnalysisRunner has terminated.
Mono: successfully reloaded assembly
- Completed reload, in  1.659 seconds
Platform modules already initialized, skipping
Refreshing native plugins compatible for Editor in 1.17 ms, found 1 plugins.
Preloading 0 native plugins for Editor in 0.00 ms.
Unloading 1795 Unused Serialized files (Serialized files now loaded: 0)
System memory in use before: 84.4 MB.
System memory in use after: 84.4 MB.

Unloading 13 unused Assets to reduce memory usage. Loaded Objects now: 2262.
Total: 2.606700 ms (FindLiveObjects: 0.172000 ms CreateObjectMapping: 0.065900 ms MarkObjects: 2.011000 ms  DeleteObjects: 0.356500 ms)

========================================================================
Received Prepare
Registering precompiled user dll's ...
Registered in 0.002594 seconds.
Begin MonoManager ReloadAssembly
Native extension for WindowsStandalone target not found
Native extension for WebGL target not found
Refreshing native plugins compatible for Editor in 0.49 ms, found 1 plugins.
Preloading 0 native plugins for Editor in 0.00 ms.
Invoked RoslynAnalysisRunner static constructor.
RoslynAnalysisRunner will not be running.
RoslynAnalysisRunner has terminated.
Mono: successfully reloaded assembly
- Completed reload, in  1.659 seconds
Platform modules already initialized, skipping
Refreshing native plugins compatible for Editor in 0.74 ms, found 1 plugins.
Preloading 0 native plugins for Editor in 0.00 ms.
Unloading 1795 Unused Serialized files (Serialized files now loaded: 0)
System memory in use before: 84.4 MB.
System memory in use after: 84.4 MB.

Unloading 12 unused Assets to reduce memory usage. Loaded Objects now: 2265.
Total: 3.195800 ms (FindLiveObjects: 0.358900 ms CreateObjectMapping: 0.123200 ms MarkObjects: 2.552500 ms  DeleteObjects: 0.159300 ms)

========================================================================
Received Import Request.
  Time since last request: 616.834370 seconds.
  path: Assets/Scripts/WeaponFactory.cs
  artifactKey: Guid(b70b0267b6a775d4b8e2a200f89cc638) Importer(815301076,1909f56bfc062723c751e8b465ee728b)
Start importing Assets/Scripts/WeaponFactory.cs using Guid(b70b0267b6a775d4b8e2a200f89cc638) Importer(815301076,1909f56bfc062723c751e8b465ee728b)  -> (artifact id: '218841443d37d255fc36bc0910fad109') in 0.011596 seconds
  Import took 0.021651 seconds .

========================================================================
Received Import Request.
  Time since last request: 0.001078 seconds.
  path: Assets/Scripts/WeaponFactory.cs
  artifactKey: Guid(b70b0267b6a775d4b8e2a200f89cc638) Importer(815301076,1909f56bfc062723c751e8b465ee728b)
Start importing Assets/Scripts/WeaponFactory.cs using Guid(b70b0267b6a775d4b8e2a200f89cc638) Importer(815301076,1909f56bfc062723c751e8b465ee728b)  -> (artifact id: '218841443d37d255fc36bc0910fad109') in 0.010478 seconds
  Import took 0.015959 seconds .

========================================================================
Received Import Request.
  Time since last request: 0.340441 seconds.
  path: Assets/Scripts/Weapon.cs
  artifactKey: Guid(0ad004c7625fa60489b9cde0de7ae4cb) Importer(815301076,1909f56bfc062723c751e8b465ee728b)
Start importing Assets/Scripts/Weapon.cs using Guid(0ad004c7625fa60489b9cde0de7ae4cb) Importer(815301076,1909f56bfc062723c751e8b465ee728b)  -> (artifact id: '33268179d67d5475140e6caf22e626ab') in 0.005544 seconds
  Import took 0.013086 seconds .

========================================================================
Received Import Request.
  Time since last request: 0.000955 seconds.
  path: Assets/Scripts/Weapon.cs
  artifactKey: Guid(0ad004c7625fa60489b9cde0de7ae4cb) Importer(815301076,1909f56bfc062723c751e8b465ee728b)
Start importing Assets/Scripts/Weapon.cs using Guid(0ad004c7625fa60489b9cde0de7ae4cb) Importer(815301076,1909f56bfc062723c751e8b465ee728b)  -> (artifact id: '33268179d67d5475140e6caf22e626ab') in 0.006144 seconds
  Import took 0.012069 seconds .

========================================================================
Received Import Request.
  Time since last request: 0.955069 seconds.
  path: Assets/Scripts/Wand.cs
  artifactKey: Guid(b92e9c48b89f70a44809bac08fa5f636) Importer(815301076,1909f56bfc062723c751e8b465ee728b)
Start importing Assets/Scripts/Wand.cs using Guid(b92e9c48b89f70a44809bac08fa5f636) Importer(815301076,1909f56bfc062723c751e8b465ee728b)  -> (artifact id: 'aab973c435befdcd378b7044100fb161') in 0.005567 seconds
  Import took 0.011387 seconds .

========================================================================
Received Import Request.
  Time since last request: 0.005889 seconds.
  path: Assets/Scripts/Wand.cs
  artifactKey: Guid(b92e9c48b89f70a44809bac08fa5f636) Importer(815301076,1909f56bfc062723c751e8b465ee728b)
Start importing Assets/Scripts/Wand.cs using Guid(b92e9c48b89f70a44809bac08fa5f636) Importer(815301076,1909f56bfc062723c751e8b465ee728b)  -> (artifact id: 'aab973c435befdcd378b7044100fb161') in 0.006967 seconds
  Import took 0.017140 seconds .

========================================================================
Received Import Request.
  Time since last request: 0.416725 seconds.
  path: Assets/Scripts/Sword.cs
  artifactKey: Guid(7843510c15e53a846afb6d5b5b696e59) Importer(815301076,1909f56bfc062723c751e8b465ee728b)
Start importing Assets/Scripts/Sword.cs using Guid(7843510c15e53a846afb6d5b5b696e59) Importer(815301076,1909f56bfc062723c751e8b465ee728b)  -> (artifact id: '1013fd804072d81e82505d3ba3cb0bcd') in 0.006231 seconds
  Import took 0.010608 seconds .

========================================================================
Received Import Request.
  Time since last request: 0.005925 seconds.
  path: Assets/Scripts/Sword.cs
  artifactKey: Guid(7843510c15e53a846afb6d5b5b696e59) Importer(815301076,1909f56bfc062723c751e8b465ee728b)
Start importing Assets/Scripts/Sword.cs using Guid(7843510c15e53a846afb6d5b5b696e59) Importer(815301076,1909f56bfc062723c751e8b465ee728b)  -> (artifact id: '1013fd804072d81e82505d3ba3cb0bcd') in 0.005667 seconds
  Import took 0.009259 seconds .

========================================================================
Received Import Request.
  Time since last request: 1.508410 seconds.
  path: Assets/Scripts/Bow.cs
  artifactKey: Guid(e3197fdcb171782499c434009fb2e17e) Importer(815301076,1909f56bfc062723c751e8b465ee728b)
Start importing Assets/Scripts/Bow.cs using Guid(e3197fdcb171782499c434009fb2e17e) Importer(815301076,1909f56bfc062723c751e8b465ee728b)  -> (artifact id: '476bd47c66628a997a9212e3b38ef56d') in 0.004195 seconds
  Import took 0.009758 seconds .

========================================================================
Received Import Request.
  Time since last request: 0.002600 seconds.
  path: Assets/Scripts/Bow.cs
  artifactKey: Guid(e3197fdcb171782499c434009fb2e17e) Importer(815301076,1909f56bfc062723c751e8b465ee728b)
Start importing Assets/Scripts/Bow.cs using Guid(e3197fdcb171782499c434009fb2e17e) Importer(815301076,1909f56bfc062723c751e8b465ee728b)  -> (artifact id: '476bd47c66628a997a9212e3b38ef56d') in 0.006962 seconds
  Import took 0.012995 seconds .

========================================================================
Received Prepare
Registering precompiled user dll's ...
Registered in 0.001290 seconds.
Begin MonoManager ReloadAssembly
Native extension for WindowsStandalone target not found
Native extension for WebGL target not found
Refreshing native plugins compatible for Editor in 0.37 ms, found 1 plugins.
Preloading 0 native plugins for Editor in 0.00 ms.
Invoked RoslynAnalysisRunner static constructor.
RoslynAnalysisRunner will not be running.
RoslynAnalysisRunner has terminated.
Mono: successfully reloaded assembly
- Completed reload, in  1.729 seconds
Platform modules already initialized, skipping
Refreshing native plugins compatible for Editor in 0.46 ms, found 1 plugins.
Preloading 0 native plugins for Editor in 0.00 ms.
Unloading 1795 Unused Serialized files (Serialized files now loaded: 0)
System memory in use before: 84.5 MB.
System memory in use after: 84.4 MB.

Unloading 12 unused Assets to reduce memory usage. Loaded Objects now: 2268.
Total: 4.334400 ms (FindLiveObjects: 0.775400 ms CreateObjectMapping: 0.199000 ms MarkObjects: 3.159500 ms  DeleteObjects: 0.197200 ms)

========================================================================
Received Prepare
Registering precompiled user dll's ...
Registered in 0.003101 seconds.
Begin MonoManager ReloadAssembly
Native extension for WindowsStandalone target not found
Native extension for WebGL target not found
Refreshing native plugins compatible for Editor in 0.98 ms, found 1 plugins.
Preloading 0 native plugins for Editor in 0.00 ms.
Invoked RoslynAnalysisRunner static constructor.
RoslynAnalysisRunner will not be running.
RoslynAnalysisRunner has terminated.
Mono: successfully reloaded assembly
- Completed reload, in  1.733 seconds
Platform modules already initialized, skipping
Refreshing native plugins compatible for Editor in 0.52 ms, found 1 plugins.
Preloading 0 native plugins for Editor in 0.00 ms.
Unloading 1795 Unused Serialized files (Serialized files now loaded: 0)
System memory in use before: 84.5 MB.
System memory in use after: 84.5 MB.

Unloading 12 unused Assets to reduce memory usage. Loaded Objects now: 2271.
Total: 2.376900 ms (FindLiveObjects: 0.333800 ms CreateObjectMapping: 0.084400 ms MarkObjects: 1.852000 ms  DeleteObjects: 0.105700 ms)

========================================================================
Received Prepare
Registering precompiled user dll's ...
Registered in 0.002082 seconds.
Begin MonoManager ReloadAssembly
Native extension for WindowsStandalone target not found
Native extension for WebGL target not found
Refreshing native plugins compatible for Editor in 0.36 ms, found 1 plugins.
Preloading 0 native plugins for Editor in 0.00 ms.
Invoked RoslynAnalysisRunner static constructor.
RoslynAnalysisRunner will not be running.
RoslynAnalysisRunner has terminated.
Mono: successfully reloaded assembly
- Completed reload, in  1.386 seconds
Platform modules already initialized, skipping
Refreshing native plugins compatible for Editor in 0.65 ms, found 1 plugins.
Preloading 0 native plugins for Editor in 0.00 ms.
Unloading 1795 Unused Serialized files (Serialized files now loaded: 0)
System memory in use before: 84.5 MB.
System memory in use after: 84.5 MB.

Unloading 12 unused Assets to reduce memory usage. Loaded Objects now: 2274.
Total: 3.020100 ms (FindLiveObjects: 0.221900 ms CreateObjectMapping: 0.094300 ms MarkObjects: 2.501800 ms  DeleteObjects: 0.199800 ms)

========================================================================
Received Prepare
Registering precompiled user dll's ...
Registered in 0.001535 seconds.
Begin MonoManager ReloadAssembly
Native extension for WindowsStandalone target not found
Native extension for WebGL target not found
Refreshing native plugins compatible for Editor in 0.41 ms, found 1 plugins.
Preloading 0 native plugins for Editor in 0.00 ms.
Invoked RoslynAnalysisRunner static constructor.
RoslynAnalysisRunner will not be running.
RoslynAnalysisRunner has terminated.
Mono: successfully reloaded assembly
- Completed reload, in  2.305 seconds
Platform modules already initialized, skipping
Refreshing native plugins compatible for Editor in 0.48 ms, found 1 plugins.
Preloading 0 native plugins for Editor in 0.00 ms.
Unloading 1795 Unused Serialized files (Serialized files now loaded: 0)
System memory in use before: 84.5 MB.
System memory in use after: 84.5 MB.

Unloading 12 unused Assets to reduce memory usage. Loaded Objects now: 2277.
Total: 5.650500 ms (FindLiveObjects: 2.613100 ms CreateObjectMapping: 0.179100 ms MarkObjects: 2.629800 ms  DeleteObjects: 0.226500 ms)

========================================================================
Received Prepare
Registering precompiled user dll's ...
Registered in 0.001797 seconds.
Begin MonoManager ReloadAssembly
Native extension for WindowsStandalone target not found
Native extension for WebGL target not found
Refreshing native plugins compatible for Editor in 0.64 ms, found 1 plugins.
Preloading 0 native plugins for Editor in 0.00 ms.
Invoked RoslynAnalysisRunner static constructor.
RoslynAnalysisRunner will not be running.
RoslynAnalysisRunner has terminated.
Mono: successfully reloaded assembly
- Completed reload, in  1.549 seconds
Platform modules already initialized, skipping
Refreshing native plugins compatible for Editor in 0.55 ms, found 1 plugins.
Preloading 0 native plugins for Editor in 0.00 ms.
Unloading 1795 Unused Serialized files (Serialized files now loaded: 0)
System memory in use before: 84.5 MB.
System memory in use after: 84.5 MB.

Unloading 12 unused Assets to reduce memory usage. Loaded Objects now: 2280.
Total: 3.931600 ms (FindLiveObjects: 0.457700 ms CreateObjectMapping: 0.255100 ms MarkObjects: 3.034600 ms  DeleteObjects: 0.182000 ms)

========================================================================
Received Prepare
Registering precompiled user dll's ...
Registered in 0.001839 seconds.
Begin MonoManager ReloadAssembly
Native extension for WindowsStandalone target not found
Native extension for WebGL target not found
Refreshing native plugins compatible for Editor in 0.52 ms, found 1 plugins.
Preloading 0 native plugins for Editor in 0.00 ms.
Invoked RoslynAnalysisRunner static constructor.
RoslynAnalysisRunner will not be running.
RoslynAnalysisRunner has terminated.
Mono: successfully reloaded assembly
- Completed reload, in  1.664 seconds
Platform modules already initialized, skipping
Refreshing native plugins compatible for Editor in 0.40 ms, found 1 plugins.
Preloading 0 native plugins for Editor in 0.00 ms.
Unloading 1795 Unused Serialized files (Serialized files now loaded: 0)
System memory in use before: 84.5 MB.
System memory in use after: 84.5 MB.

Unloading 12 unused Assets to reduce memory usage. Loaded Objects now: 2283.
Total: 4.172400 ms (FindLiveObjects: 0.908100 ms CreateObjectMapping: 0.222600 ms MarkObjects: 2.851600 ms  DeleteObjects: 0.187300 ms)

========================================================================
Received Prepare
Registering precompiled user dll's ...
Registered in 0.001300 seconds.
Begin MonoManager ReloadAssembly
Native extension for WindowsStandalone target not found
Native extension for WebGL target not found
Refreshing native plugins compatible for Editor in 0.55 ms, found 1 plugins.
Preloading 0 native plugins for Editor in 0.00 ms.
Invoked RoslynAnalysisRunner static constructor.
RoslynAnalysisRunner will not be running.
RoslynAnalysisRunner has terminated.
Mono: successfully reloaded assembly
- Completed reload, in  1.563 seconds
Platform modules already initialized, skipping
Refreshing native plugins compatible for Editor in 0.45 ms, found 1 plugins.
Preloading 0 native plugins for Editor in 0.00 ms.
Unloading 1795 Unused Serialized files (Serialized files now loaded: 0)
System memory in use before: 84.5 MB.
System memory in use after: 84.5 MB.

Unloading 12 unused Assets to reduce memory usage. Loaded Objects now: 2286.
Total: 4.779300 ms (FindLiveObjects: 0.641000 ms CreateObjectMapping: 0.219300 ms MarkObjects: 3.701700 ms  DeleteObjects: 0.214900 ms)

========================================================================
Received Import Request.
  Time since last request: 788.857827 seconds.
  path: Assets/Scripts/WeaponFactoryTest.cs
  artifactKey: Guid(b6509fb963ad8844f954fc9138181d99) Importer(815301076,1909f56bfc062723c751e8b465ee728b)
Start importing Assets/Scripts/WeaponFactoryTest.cs using Guid(b6509fb963ad8844f954fc9138181d99) Importer(815301076,1909f56bfc062723c751e8b465ee728b)  -> (artifact id: '2f619dca6fae8bf08b088d638abb0de6') in 0.006543 seconds
  Import took 0.011320 seconds .

========================================================================
Received Import Request.
  Time since last request: 0.027553 seconds.
  path: Assets/Scripts/WeaponFactoryTest.cs
  artifactKey: Guid(b6509fb963ad8844f954fc9138181d99) Importer(815301076,1909f56bfc062723c751e8b465ee728b)
Start importing Assets/Scripts/WeaponFactoryTest.cs using Guid(b6509fb963ad8844f954fc9138181d99) Importer(815301076,1909f56bfc062723c751e8b465ee728b)  -> (artifact id: '2f619dca6fae8bf08b088d638abb0de6') in 0.003565 seconds
  Import took 0.006923 seconds .

========================================================================
Received Import Request.
  Time since last request: 260.011476 seconds.
  path: Assets/Scripts/Weapon.cs
  artifactKey: Guid(0ad004c7625fa60489b9cde0de7ae4cb) Importer(815301076,1909f56bfc062723c751e8b465ee728b)
Start importing Assets/Scripts/Weapon.cs using Guid(0ad004c7625fa60489b9cde0de7ae4cb) Importer(815301076,1909f56bfc062723c751e8b465ee728b)  -> (artifact id: '94ec922e1ab46c4cf82f77c885a1b5c9') in 0.003846 seconds
  Import took 0.007629 seconds .

========================================================================
Received Import Request.
  Time since last request: 0.001514 seconds.
  path: Assets/Scripts/Weapon.cs
  artifactKey: Guid(0ad004c7625fa60489b9cde0de7ae4cb) Importer(815301076,1909f56bfc062723c751e8b465ee728b)
Start importing Assets/Scripts/Weapon.cs using Guid(0ad004c7625fa60489b9cde0de7ae4cb) Importer(815301076,1909f56bfc062723c751e8b465ee728b)  -> (artifact id: '94ec922e1ab46c4cf82f77c885a1b5c9') in 0.003727 seconds
  Import took 0.008067 seconds .

========================================================================
Received Prepare
Registering precompiled user dll's ...
Registered in 0.001273 seconds.
Begin MonoManager ReloadAssembly
Native extension for WindowsStandalone target not found
Native extension for WebGL target not found
Refreshing native plugins compatible for Editor in 0.66 ms, found 1 plugins.
Preloading 0 native plugins for Editor in 0.00 ms.
Invoked RoslynAnalysisRunner static constructor.
RoslynAnalysisRunner will not be running.
RoslynAnalysisRunner has terminated.
Mono: successfully reloaded assembly
- Completed reload, in  1.490 seconds
Platform modules already initialized, skipping
Refreshing native plugins compatible for Editor in 0.62 ms, found 1 plugins.
Preloading 0 native plugins for Editor in 0.00 ms.
Unloading 1795 Unused Serialized files (Serialized files now loaded: 0)
System memory in use before: 84.5 MB.
System memory in use after: 84.5 MB.

Unloading 12 unused Assets to reduce memory usage. Loaded Objects now: 2289.
Total: 2.319500 ms (FindLiveObjects: 0.212800 ms CreateObjectMapping: 0.082700 ms MarkObjects: 1.901200 ms  DeleteObjects: 0.121000 ms)

========================================================================
Received Prepare
Refreshing native plugins compatible for Editor in 2.16 ms, found 1 plugins.
Preloading 0 native plugins for Editor in 0.00 ms.
Unloading 10 Unused Serialized files (Serialized files now loaded: 0)
System memory in use before: 49.2 MB.
System memory in use after: 49.2 MB.

Unloading 10 unused Assets to reduce memory usage. Loaded Objects now: 2289.
Total: 2.439800 ms (FindLiveObjects: 0.279800 ms CreateObjectMapping: 0.126000 ms MarkObjects: 1.928000 ms  DeleteObjects: 0.104800 ms)

========================================================================
Received Prepare
Registering precompiled user dll's ...
Registered in 0.001407 seconds.
Begin MonoManager ReloadAssembly
Native extension for WindowsStandalone target not found
Native extension for WebGL target not found
Refreshing native plugins compatible for Editor in 0.86 ms, found 1 plugins.
Preloading 0 native plugins for Editor in 0.00 ms.
Invoked RoslynAnalysisRunner static constructor.
RoslynAnalysisRunner will not be running.
RoslynAnalysisRunner has terminated.
Mono: successfully reloaded assembly
- Completed reload, in  1.381 seconds
Platform modules already initialized, skipping
Refreshing native plugins compatible for Editor in 0.38 ms, found 1 plugins.
Preloading 0 native plugins for Editor in 0.00 ms.
Unloading 1795 Unused Serialized files (Serialized files now loaded: 0)
System memory in use before: 84.5 MB.
System memory in use after: 84.5 MB.

Unloading 12 unused Assets to reduce memory usage. Loaded Objects now: 2292.
Total: 3.142300 ms (FindLiveObjects: 0.484000 ms CreateObjectMapping: 0.144800 ms MarkObjects: 2.379200 ms  DeleteObjects: 0.132700 ms)

========================================================================
Received Import Request.
  Time since last request: 1217.878851 seconds.
  path: Assets/Scripts/Bow.cs
  artifactKey: Guid(e3197fdcb171782499c434009fb2e17e) Importer(815301076,1909f56bfc062723c751e8b465ee728b)
Start importing Assets/Scripts/Bow.cs using Guid(e3197fdcb171782499c434009fb2e17e) Importer(815301076,1909f56bfc062723c751e8b465ee728b)  -> (artifact id: 'cd21970b8f35767f2c13ed9438571d6c') in 0.010253 seconds
  Import took 0.014491 seconds .

========================================================================
Received Prepare
Refreshing native plugins compatible for Editor in 3.97 ms, found 1 plugins.
Preloading 0 native plugins for Editor in 0.00 ms.
Unloading 10 Unused Serialized files (Serialized files now loaded: 0)
System memory in use before: 49.3 MB.
System memory in use after: 49.2 MB.

Unloading 10 unused Assets to reduce memory usage. Loaded Objects now: 2292.
Total: 2.788600 ms (FindLiveObjects: 0.311300 ms CreateObjectMapping: 0.103800 ms MarkObjects: 2.258800 ms  DeleteObjects: 0.112200 ms)

========================================================================
Received Prepare
Refreshing native plugins compatible for Editor in 2.79 ms, found 1 plugins.
Preloading 0 native plugins for Editor in 0.00 ms.
Unloading 10 Unused Serialized files (Serialized files now loaded: 0)
System memory in use before: 49.3 MB.
System memory in use after: 49.3 MB.

Unloading 10 unused Assets to reduce memory usage. Loaded Objects now: 2292.
Total: 3.548200 ms (FindLiveObjects: 0.245200 ms CreateObjectMapping: 0.082900 ms MarkObjects: 2.924400 ms  DeleteObjects: 0.293800 ms)

AssetImportWorkerClient::OnTransportError - code=2 error=End of file
