Using pre-set license
Built from '2020.2/staging' branch; Version is '2020.2.3f1 (8ff31bc5bf5b) revision 9433883'; Using compiler version '192528614'; Build Type 'Release'
OS: 'Windows 10 Home; OS build 19041.928; Version 2004; 64bit' Language: 'en' Physical Memory: 16276 MB
BatchMode: 1, IsHumanControllingUs: 0, StartBugReporterOnCrash: 0, Is64bit: 1, IsPro: 0

 COMMAND LINE ARGUMENTS:
C:\Program Files\Unity\Hub\Editor\2020.2.3f1\Editor\Unity.exe
-adb2
-batchMode
-noUpm
-name
AssetImportWorker0
-projectPath
C:/Users/poiso/Desktop/CIS_497_Semester2/CIS_497_Semester2/Assignment_11
-logFile
Logs/AssetImportWorker0.log
-srvPort
53581
Successfully changed project path to: C:/Users/poiso/Desktop/CIS_497_Semester2/CIS_497_Semester2/Assignment_11
C:/Users/poiso/Desktop/CIS_497_Semester2/CIS_497_Semester2/Assignment_11
Using Asset Import Pipeline V2.
Refreshing native plugins compatible for Editor in 48.63 ms, found 1 plugins.
Preloading 0 native plugins for Editor in 0.00 ms.
Initialize engine version: 2020.2.3f1 (8ff31bc5bf5b)
[Subsystems] Discovering subsystems at path C:/Program Files/Unity/Hub/Editor/2020.2.3f1/Editor/Data/Resources/UnitySubsystems
[Subsystems] Discovering subsystems at path C:/Users/poiso/Desktop/CIS_497_Semester2/CIS_497_Semester2/Assignment_11/Assets
GfxDevice: creating device client; threaded=0
Direct3D:
    Version:  Direct3D 11.0 [level 11.1]
    Renderer: NVIDIA GeForce GTX 1060 with Max-Q Design (ID=0x1c20)
    Vendor:   
    VRAM:     2987 MB
    Driver:   27.21.14.6627
Initialize mono
Mono path[0] = 'C:/Program Files/Unity/Hub/Editor/2020.2.3f1/Editor/Data/Managed'
Mono path[1] = 'C:/Program Files/Unity/Hub/Editor/2020.2.3f1/Editor/Data/MonoBleedingEdge/lib/mono/unityjit'
Mono config path = 'C:/Program Files/Unity/Hub/Editor/2020.2.3f1/Editor/Data/MonoBleedingEdge/etc'
Using monoOptions --debugger-agent=transport=dt_socket,embedding=1,server=y,suspend=n,address=127.0.0.1:56948
Begin MonoManager ReloadAssembly
Registering precompiled unity dll's ...
Register platform support module: C:/Program Files/Unity/Hub/Editor/2020.2.3f1/Editor/Data/PlaybackEngines/WebGLSupport/UnityEditor.WebGL.Extensions.dll
Register platform support module: C:/Program Files/Unity/Hub/Editor/2020.2.3f1/Editor/Data/PlaybackEngines/WindowsStandaloneSupport/UnityEditor.WindowsStandalone.Extensions.dll
Registered in 0.004220 seconds.
Native extension for WindowsStandalone target not found
Native extension for WebGL target not found
Refreshing native plugins compatible for Editor in 44.80 ms, found 1 plugins.
Preloading 0 native plugins for Editor in 0.00 ms.
Invoked RoslynAnalysisRunner static constructor.
RoslynAnalysisRunner will not be running.
RoslynAnalysisRunner has terminated.
Mono: successfully reloaded assembly
- Completed reload, in  1.963 seconds
Platform modules already initialized, skipping
Registering precompiled user dll's ...
Registered in 0.001642 seconds.
Begin MonoManager ReloadAssembly
Native extension for WindowsStandalone target not found
Native extension for WebGL target not found
Refreshing native plugins compatible for Editor in 51.16 ms, found 1 plugins.
Preloading 0 native plugins for Editor in 0.00 ms.
Invoked RoslynAnalysisRunner static constructor.
RoslynAnalysisRunner will not be running.
RoslynAnalysisRunner has terminated.
Mono: successfully reloaded assembly
- Completed reload, in  1.308 seconds
Platform modules already initialized, skipping
========================================================================
Worker process is ready to serve import requests
Launched and connected shader compiler UnityShaderCompiler.exe after 0.07 seconds
Refreshing native plugins compatible for Editor in 0.37 ms, found 1 plugins.
Preloading 0 native plugins for Editor in 0.00 ms.
Unloading 1798 Unused Serialized files (Serialized files now loaded: 0)
System memory in use before: 84.4 MB.
System memory in use after: 84.4 MB.

Unloading 24 unused Assets to reduce memory usage. Loaded Objects now: 2240.
Total: 3.162300 ms (FindLiveObjects: 0.197900 ms CreateObjectMapping: 0.073700 ms MarkObjects: 2.638900 ms  DeleteObjects: 0.248300 ms)

========================================================================
Received Import Request.
  path: Assets/Scripts/SiegeEngine.cs
  artifactKey: Guid(6f01d6ada828bc84f83892b00c96dcf2) Importer(815301076,1909f56bfc062723c751e8b465ee728b)
Start importing Assets/Scripts/SiegeEngine.cs using Guid(6f01d6ada828bc84f83892b00c96dcf2) Importer(815301076,1909f56bfc062723c751e8b465ee728b)  -> (artifact id: 'bd0ace30be830540f6a52c880bcc0f61') in 0.048675 seconds
  Import took 0.051778 seconds .

========================================================================
Received Import Request.
  Time since last request: 0.000445 seconds.
  path: Assets/Scripts/FacadeTester.cs
  artifactKey: Guid(2b84a80566f7fec42846d1e50cb0ea80) Importer(815301076,1909f56bfc062723c751e8b465ee728b)
Start importing Assets/Scripts/FacadeTester.cs using Guid(2b84a80566f7fec42846d1e50cb0ea80) Importer(815301076,1909f56bfc062723c751e8b465ee728b)  -> (artifact id: '9c013fa577ee76816f8ef1e42e7ba605') in 0.014485 seconds
  Import took 0.022881 seconds .

========================================================================
Received Import Request.
  Time since last request: 0.000328 seconds.
  path: Assets/Scripts/Orc.cs
  artifactKey: Guid(7d3d520194a69024da034995e50522b6) Importer(815301076,1909f56bfc062723c751e8b465ee728b)
Start importing Assets/Scripts/Orc.cs using Guid(7d3d520194a69024da034995e50522b6) Importer(815301076,1909f56bfc062723c751e8b465ee728b)  -> (artifact id: 'b52b3e2559a1944c15f1c66b67ba4415') in 0.012586 seconds
  Import took 0.023516 seconds .

========================================================================
Received Import Request.
  Time since last request: 0.505215 seconds.
  path: Assets/Scripts/SiegeFacade.cs
  artifactKey: Guid(22ad34aa5877db34f8f62975d5afec5b) Importer(815301076,1909f56bfc062723c751e8b465ee728b)
Start importing Assets/Scripts/SiegeFacade.cs using Guid(22ad34aa5877db34f8f62975d5afec5b) Importer(815301076,1909f56bfc062723c751e8b465ee728b)  -> (artifact id: '81b6e49344a498b7b0612c8f085b53f0') in 0.015103 seconds
  Import took 0.020359 seconds .

========================================================================
Received Import Request.
  Time since last request: 193.347397 seconds.
  path: Assets/Scripts/Cavalry.cs
  artifactKey: Guid(6184bbcb1e0949b45bcb97531526ce4c) Importer(815301076,1909f56bfc062723c751e8b465ee728b)
Start importing Assets/Scripts/Cavalry.cs using Guid(6184bbcb1e0949b45bcb97531526ce4c) Importer(815301076,1909f56bfc062723c751e8b465ee728b)  -> (artifact id: 'cf45e3d00730bbc66f922f5cdcd1f199') in 0.004729 seconds
  Import took 0.010506 seconds .

========================================================================
Received Import Request.
  Time since last request: 258.222384 seconds.
  path: Assets/Scripts/Troll.cs
  artifactKey: Guid(a633e33585e93364994dd0c63ebc106a) Importer(815301076,1909f56bfc062723c751e8b465ee728b)
Start importing Assets/Scripts/Troll.cs using Guid(a633e33585e93364994dd0c63ebc106a) Importer(815301076,1909f56bfc062723c751e8b465ee728b)  -> (artifact id: 'ef485e8fe2125ac49e8daca2c3b031dc') in 0.013406 seconds
  Import took 0.017139 seconds .

========================================================================
Received Import Request.
  Time since last request: 0.002042 seconds.
  path: Assets/Scripts/Troll.cs
  artifactKey: Guid(a633e33585e93364994dd0c63ebc106a) Importer(815301076,1909f56bfc062723c751e8b465ee728b)
Start importing Assets/Scripts/Troll.cs using Guid(a633e33585e93364994dd0c63ebc106a) Importer(815301076,1909f56bfc062723c751e8b465ee728b)  -> (artifact id: 'ef485e8fe2125ac49e8daca2c3b031dc') in 0.004449 seconds
  Import took 0.010269 seconds .

AssetImportWorkerClient::OnTransportError - code=2 error=End of file
