Using pre-set license
Built from '2020.2/staging' branch; Version is '2020.2.3f1 (8ff31bc5bf5b) revision 9433883'; Using compiler version '192528614'; Build Type 'Release'
OS: 'Windows 10 Home; OS build 19041.928; Version 2004; 64bit' Language: 'en' Physical Memory: 16276 MB
BatchMode: 1, IsHumanControllingUs: 0, StartBugReporterOnCrash: 0, Is64bit: 1, IsPro: 0

 COMMAND LINE ARGUMENTS:
C:\Program Files\Unity\Hub\Editor\2020.2.3f1\Editor\Unity.exe
-adb2
-batchMode
-noUpm
-name
AssetImportWorker0
-projectPath
C:/Users/poiso/Desktop/CIS_497_Semester2/CIS_497_Semester2/Assignment_7
-logFile
Logs/AssetImportWorker0.log
-srvPort
51049
Successfully changed project path to: C:/Users/poiso/Desktop/CIS_497_Semester2/CIS_497_Semester2/Assignment_7
C:/Users/poiso/Desktop/CIS_497_Semester2/CIS_497_Semester2/Assignment_7
Using Asset Import Pipeline V2.
Refreshing native plugins compatible for Editor in 41.61 ms, found 1 plugins.
Preloading 0 native plugins for Editor in 0.00 ms.
Initialize engine version: 2020.2.3f1 (8ff31bc5bf5b)
[Subsystems] Discovering subsystems at path C:/Program Files/Unity/Hub/Editor/2020.2.3f1/Editor/Data/Resources/UnitySubsystems
[Subsystems] Discovering subsystems at path C:/Users/poiso/Desktop/CIS_497_Semester2/CIS_497_Semester2/Assignment_7/Assets
GfxDevice: creating device client; threaded=0
Direct3D:
    Version:  Direct3D 11.0 [level 11.1]
    Renderer: NVIDIA GeForce GTX 1060 with Max-Q Design (ID=0x1c20)
    Vendor:   
    VRAM:     2987 MB
    Driver:   27.21.14.6627
Initialize mono
Mono path[0] = 'C:/Program Files/Unity/Hub/Editor/2020.2.3f1/Editor/Data/Managed'
Mono path[1] = 'C:/Program Files/Unity/Hub/Editor/2020.2.3f1/Editor/Data/MonoBleedingEdge/lib/mono/unityjit'
Mono config path = 'C:/Program Files/Unity/Hub/Editor/2020.2.3f1/Editor/Data/MonoBleedingEdge/etc'
Using monoOptions --debugger-agent=transport=dt_socket,embedding=1,server=y,suspend=n,address=127.0.0.1:56964
Begin MonoManager ReloadAssembly
Registering precompiled unity dll's ...
Register platform support module: C:/Program Files/Unity/Hub/Editor/2020.2.3f1/Editor/Data/PlaybackEngines/WebGLSupport/UnityEditor.WebGL.Extensions.dll
Register platform support module: C:/Program Files/Unity/Hub/Editor/2020.2.3f1/Editor/Data/PlaybackEngines/WindowsStandaloneSupport/UnityEditor.WindowsStandalone.Extensions.dll
Registered in 0.003233 seconds.
Native extension for WindowsStandalone target not found
Native extension for WebGL target not found
Refreshing native plugins compatible for Editor in 43.60 ms, found 1 plugins.
Preloading 0 native plugins for Editor in 0.00 ms.
Invoked RoslynAnalysisRunner static constructor.
RoslynAnalysisRunner will not be running.
RoslynAnalysisRunner has terminated.
Mono: successfully reloaded assembly
- Completed reload, in  1.750 seconds
Platform modules already initialized, skipping
Registering precompiled user dll's ...
Registered in 0.001578 seconds.
Begin MonoManager ReloadAssembly
Native extension for WindowsStandalone target not found
Native extension for WebGL target not found
Refreshing native plugins compatible for Editor in 59.74 ms, found 1 plugins.
Preloading 0 native plugins for Editor in 0.00 ms.
Invoked RoslynAnalysisRunner static constructor.
RoslynAnalysisRunner will not be running.
RoslynAnalysisRunner has terminated.
Mono: successfully reloaded assembly
- Completed reload, in  1.469 seconds
Platform modules already initialized, skipping
========================================================================
Worker process is ready to serve import requests
Launched and connected shader compiler UnityShaderCompiler.exe after 0.08 seconds
Refreshing native plugins compatible for Editor in 0.34 ms, found 1 plugins.
Preloading 0 native plugins for Editor in 0.00 ms.
Unloading 1799 Unused Serialized files (Serialized files now loaded: 0)
System memory in use before: 84.4 MB.
System memory in use after: 84.3 MB.

Unloading 24 unused Assets to reduce memory usage. Loaded Objects now: 2241.
Total: 3.930100 ms (FindLiveObjects: 0.257800 ms CreateObjectMapping: 0.140000 ms MarkObjects: 3.362000 ms  DeleteObjects: 0.168700 ms)

========================================================================
Received Import Request.
  path: Assets/Scripts/Defend.cs
  artifactKey: Guid(a66230be9f5f8dc4ca26ae3f901af85b) Importer(815301076,1909f56bfc062723c751e8b465ee728b)
Start importing Assets/Scripts/Defend.cs using Guid(a66230be9f5f8dc4ca26ae3f901af85b) Importer(815301076,1909f56bfc062723c751e8b465ee728b)  -> (artifact id: 'fef63bb06ca44f70fd096ed7294ac5b9') in 0.052786 seconds
  Import took 0.057029 seconds .

========================================================================
Received Import Request.
  Time since last request: 0.000404 seconds.
  path: Assets/Scripts/Attack.cs
  artifactKey: Guid(bf8052be9bcc0c14c8cb3ca1d760c904) Importer(815301076,1909f56bfc062723c751e8b465ee728b)
Start importing Assets/Scripts/Attack.cs using Guid(bf8052be9bcc0c14c8cb3ca1d760c904) Importer(815301076,1909f56bfc062723c751e8b465ee728b)  -> (artifact id: 'b742f5c901a827a691d95fb40a482c76') in 0.020637 seconds
  Import took 0.025249 seconds .

========================================================================
Received Import Request.
  Time since last request: 0.000385 seconds.
  path: Assets/Scripts/MoveCloser.cs
  artifactKey: Guid(e8d501f1b20947b4696bbd68a4ac3708) Importer(815301076,1909f56bfc062723c751e8b465ee728b)
Start importing Assets/Scripts/MoveCloser.cs using Guid(e8d501f1b20947b4696bbd68a4ac3708) Importer(815301076,1909f56bfc062723c751e8b465ee728b)  -> (artifact id: 'fd39d942a64cb54e71371ffb3dd281d9') in 0.012844 seconds
  Import took 0.016744 seconds .

========================================================================
Received Import Request.
  Time since last request: 0.000379 seconds.
  path: Assets/Scripts/MoveFurther.cs
  artifactKey: Guid(b671f42f6ca14f74895e106a136962be) Importer(815301076,1909f56bfc062723c751e8b465ee728b)
Start importing Assets/Scripts/MoveFurther.cs using Guid(b671f42f6ca14f74895e106a136962be) Importer(815301076,1909f56bfc062723c751e8b465ee728b)  -> (artifact id: '7d7f67e8b955f79582cd5384d05c7c79') in 0.014942 seconds
  Import took 0.024955 seconds .

========================================================================
Received Import Request.
  Time since last request: 0.000519 seconds.
  path: Assets/Scripts/Command.cs
  artifactKey: Guid(5f0c78ef6cd62c74eb5899503a68b135) Importer(815301076,1909f56bfc062723c751e8b465ee728b)
Start importing Assets/Scripts/Command.cs using Guid(5f0c78ef6cd62c74eb5899503a68b135) Importer(815301076,1909f56bfc062723c751e8b465ee728b)  -> (artifact id: 'c685b4964e3a93a5fb1058f02de2681c') in 0.013580 seconds
  Import took 0.017917 seconds .

========================================================================
Received Import Request.
  Time since last request: 0.000290 seconds.
  path: Assets/Scripts/Action.cs
  artifactKey: Guid(810c0c49085ec244d8324e1379f74ab8) Importer(815301076,1909f56bfc062723c751e8b465ee728b)
Start importing Assets/Scripts/Action.cs using Guid(810c0c49085ec244d8324e1379f74ab8) Importer(815301076,1909f56bfc062723c751e8b465ee728b)  -> (artifact id: '705e7c8fbefa16225e201a33f960c222') in 0.016049 seconds
  Import took 0.021060 seconds .

AssetImportWorkerClient::OnTransportError - code=2 error=End of file
